<?xml version="1.0" encoding="UTF-8"?>
<testsuite xmlns:xsi="http://www.w3.org/2001/XMLSchema-instance" xsi:noNamespaceSchemaLocation="https://maven.apache.org/surefire/maven-surefire-plugin/xsd/surefire-test-report-3.0.xsd" version="3.0" name="cr.ac.una.booleanKitchen.PaginasDeRecetasApplicationTests" time="8.589" tests="1" errors="0" skipped="0" failures="0">
  <properties>
[...]
</properties>
  <testcase name="contextLoads" classname="cr.ac.una.booleanKitchen.PaginasDeRecetasApplicationTests" time="0.358">
    <system-out><![CDATA[07:03:33.830 [main] INFO org.springframework.test.context.support.AnnotationConfigContextLoaderUtils -- Could not detect default configuration classes for test class [cr.ac.una.booleanKitchen.PaginasDeRecetasApplicationTests]: PaginasDeRecetasApplicationTests does not declare any static, non-private, non-final, nested classes annotated with @Configuration.
07:03:33.959 [main] INFO org.springframework.boot.test.context.SpringBootTestContextBootstrapper -- Found @SpringBootConfiguration cr.ac.una.booleanKitchen.PaginasDeRecetasApplication for test class cr.ac.una.booleanKitchen.PaginasDeRecetasApplicationTests
07:03:34.168 [main] INFO org.springframework.boot.devtools.restart.RestartApplicationListener -- Restart disabled due to context in which it is running
  .   ____          _            __ _ _
 /\\ / ___'_ __ _ _(_)_ __  __ _ \ \ \ \
( ( )\___ | '_ | '_| | '_ \/ _` | \ \ \ \
 \\/  ___)| |_)| | | | | || (_| |  ) ) ) )
  '  |____| .__|_| |_|_| |_\__, | / / / /
 =========|_|==============|___/=/_/_/_/

 :: Spring Boot ::                (v3.3.0)

2024-06-12T07:03:34.651-06:00  INFO 16128 --- [           main] c.a.u.b.PaginasDeRecetasApplicationTests : Starting PaginasDeRecetasApplicationTests using Java 22.0.1 with PID 16128 (started by braya in C:\Users\braya\OneDrive\Documentos\NetBeansProjects\Proyecto-de-Progra-IV\BooleanKitchen)
2024-06-12T07:03:34.653-06:00  INFO 16128 --- [           main] c.a.u.b.PaginasDeRecetasApplicationTests : No active profile set, falling back to 1 default profile: "default"
2024-06-12T07:03:36.277-06:00  INFO 16128 --- [           main] .s.d.r.c.RepositoryConfigurationDelegate : Bootstrapping Spring Data JPA repositories in DEFAULT mode.
2024-06-12T07:03:36.370-06:00  INFO 16128 --- [           main] .s.d.r.c.RepositoryConfigurationDelegate : Finished Spring Data repository scanning in 86 ms. Found 12 JPA repository interfaces.
2024-06-12T07:03:37.454-06:00  INFO 16128 --- [           main] com.zaxxer.hikari.HikariDataSource       : HikariPool-1 - Starting...
2024-06-12T07:03:37.621-06:00  INFO 16128 --- [           main] com.zaxxer.hikari.pool.HikariPool        : HikariPool-1 - Added connection com.mysql.cj.jdbc.ConnectionImpl@6e068ac9
2024-06-12T07:03:37.622-06:00  INFO 16128 --- [           main] com.zaxxer.hikari.HikariDataSource       : HikariPool-1 - Start completed.
2024-06-12T07:03:37.660-06:00  INFO 16128 --- [           main] o.hibernate.jpa.internal.util.LogHelper  : HHH000204: Processing PersistenceUnitInfo [name: default]
2024-06-12T07:03:37.709-06:00  INFO 16128 --- [           main] org.hibernate.Version                    : HHH000412: Hibernate ORM core version 6.5.2.Final
2024-06-12T07:03:37.741-06:00  INFO 16128 --- [           main] o.h.c.internal.RegionFactoryInitiator    : HHH000026: Second-level cache disabled
2024-06-12T07:03:37.980-06:00  INFO 16128 --- [           main] o.s.o.j.p.SpringPersistenceUnitInfo      : No LoadTimeWeaver setup: ignoring JPA class transformer
2024-06-12T07:03:38.030-06:00  WARN 16128 --- [           main] org.hibernate.dialect.Dialect            : HHH000511: The 5.5.5 version for [org.hibernate.dialect.MySQLDialect] is no longer supported, hence certain features may not work properly. The minimum supported version is 8.0.0. Check the community dialects project for available legacy versions.
2024-06-12T07:03:39.000-06:00  INFO 16128 --- [           main] o.h.e.t.j.p.i.JtaPlatformInitiator       : HHH000489: No JTA platform available (set 'hibernate.transaction.jta.platform' to enable JTA platform integration)
2024-06-12T07:03:39.318-06:00  INFO 16128 --- [           main] j.LocalContainerEntityManagerFactoryBean : Initialized JPA EntityManagerFactory for persistence unit 'default'
2024-06-12T07:03:39.603-06:00  INFO 16128 --- [           main] o.s.d.j.r.query.QueryEnhancerFactory     : Hibernate is in classpath; If applicable, HQL parser will be used.
2024-06-12T07:03:40.465-06:00  WARN 16128 --- [           main] .s.s.UserDetailsServiceAutoConfiguration : 

Using generated security password: c8bdbb81-ddd6-46f6-83c3-dc2923ebf240

This generated password is for development use only. Your security configuration must be updated before running your application in production.

2024-06-12T07:03:40.473-06:00  INFO 16128 --- [           main] r$InitializeUserDetailsManagerConfigurer : Global AuthenticationManager configured with UserDetailsService bean with name inMemoryUserDetailsManager
2024-06-12T07:03:41.114-06:00  INFO 16128 --- [           main] o.s.b.a.e.web.EndpointLinksResolver      : Exposing 1 endpoint beneath base path '/actuator'
2024-06-12T07:03:41.190-06:00  INFO 16128 --- [           main] o.s.s.web.DefaultSecurityFilterChain     : Will secure any request with [org.springframework.security.web.session.DisableEncodeUrlFilter@23f31375, org.springframework.security.web.context.request.async.WebAsyncManagerIntegrationFilter@40b0c9be, org.springframework.security.web.context.SecurityContextHolderFilter@7890189, org.springframework.security.web.header.HeaderWriterFilter@562b4373, org.springframework.web.filter.CorsFilter@5bae7a7b, org.springframework.security.web.authentication.logout.LogoutFilter@2c4b747a, org.springframework.security.web.savedrequest.RequestCacheAwareFilter@6b13d558, org.springframework.security.web.servletapi.SecurityContextHolderAwareRequestFilter@303ea430, org.springframework.security.web.authentication.AnonymousAuthenticationFilter@1448e2b6, org.springframework.security.web.access.ExceptionTranslationFilter@4733c7f0, org.springframework.security.web.access.intercept.AuthorizationFilter@7b3fd68e]
2024-06-12T07:03:41.706-06:00  INFO 16128 --- [           main] c.a.u.b.PaginasDeRecetasApplicationTests : Started PaginasDeRecetasApplicationTests in 7.564 seconds (process running for 9.66)
]]></system-out>
    <system-err><![CDATA[WARNING: A Java agent has been loaded dynamically (C:\Users\braya\.m2\repository\net\bytebuddy\byte-buddy-agent\1.14.16\byte-buddy-agent-1.14.16.jar)
WARNING: If a serviceability tool is in use, please run with -XX:+EnableDynamicAgentLoading to hide this warning
WARNING: If a serviceability tool is not in use, please run with -Djdk.instrument.traceUsage for more information
WARNING: Dynamic loading of agents will be disallowed by default in a future release
]]></system-err>
  </testcase>
</testsuite>